[02-May-24 08:49:19 UTC] ##### Date update #####
[02-May-24 08:49:19 UTC] Allradtraktor T
[02-May-24 08:49:19 UTC] 2024-04-02 00:00:00 => 2024-05-02 10:01:00
[02-May-24 08:49:19 UTC] #######################
[02-May-24 08:49:19 UTC] ##### Date update #####
[02-May-24 08:49:19 UTC] DEUTZ 5070 DF K
[02-May-24 08:49:19 UTC] 2024-04-01 00:00:00 => 2024-05-01 13:03:00
[02-May-24 08:49:19 UTC] #######################
[02-May-24 08:49:20 UTC] ##### Date update #####
[02-May-24 08:49:20 UTC] Bodenfräse Del
[02-May-24 08:49:20 UTC] 2024-04-01 00:00:00 => 2024-05-01 14:00:00
[02-May-24 08:49:20 UTC] #######################
[02-May-24 09:04:45 UTC] ##### Invalid Ad  #####
[02-May-24 09:04:45 UTC] Holzspalter POSCH Paldu 100-12Z PZG-V2
[02-May-24 09:04:45 UTC] Updating state to: draft
[02-May-24 09:04:45 UTC] #######################
[02-May-24 09:04:45 UTC] ##### Invalid Ad  #####
[02-May-24 09:04:45 UTC] URBAN Grob Holz Hacker TR75 mit Förderband plus Doppelnetz NEU
[02-May-24 09:04:45 UTC] Updating state to: draft
[02-May-24 09:04:45 UTC] #######################
[02-May-24 09:05:23 UTC] ####### Recover #######
[02-May-24 09:05:23 UTC] (draft => publish) 29880 => URBAN Grob Holz Hacker TR75 mit Förderband plus Doppelnetz NEU
[02-May-24 09:05:23 UTC] #######################
[02-May-24 09:05:23 UTC] ####### Recover #######
[02-May-24 09:05:23 UTC] (draft => publish) 14087 => Holzspalter POSCH Paldu 100-12Z PZG-V2
[02-May-24 09:05:23 UTC] #######################
[02-May-24 09:05:23 UTC] ####### Recover #######
[02-May-24 09:05:23 UTC] (draft => ) 14087 => Holzspalter POSCH Paldu 100-12Z PZG-V2
[02-May-24 09:05:23 UTC] #######################
[02-May-24 09:05:24 UTC] ##### Date update #####
[02-May-24 09:05:24 UTC] URBAN Grob Holz
[02-May-24 09:05:24 UTC] 2024-04-02 00:00:00 => 2024-05-02 11:03:00
[02-May-24 09:05:24 UTC] #######################
[02-May-24 09:05:45 UTC] ##### Invalid Ad  #####
[02-May-24 09:05:45 UTC] TYM 265 HST Frontlader Work Edition
[02-May-24 09:05:45 UTC] Updating state to: draft
[02-May-24 09:05:45 UTC] #######################
[02-May-24 09:05:45 UTC] ##### Invalid Ad  #####
[02-May-24 09:05:45 UTC] DaRos Kreiselheuwender Heuwender 2GS Getriebemaschine 180 cm
[02-May-24 09:05:45 UTC] Updating state to: draft
[02-May-24 09:05:45 UTC] #######################
[02-May-24 09:07:27 UTC] ####### Recover #######
[02-May-24 09:07:27 UTC] (draft => publish) 23302 => TYM 265 HST Frontlader Work Edition
[02-May-24 09:07:27 UTC] #######################
[02-May-24 09:07:27 UTC] ####### Recover #######
[02-May-24 09:07:27 UTC] (draft => publish) 26967 => DaRos Kreiselheuwender Heuwender 2GS Getriebemaschine 180 cm
[02-May-24 09:07:27 UTC] #######################
